<?xml version="1.0" encoding="UTF-8"?>
<testng-results skipped="0" failed="0" ignored="0" total="1" passed="1">
  <reporter-output>
    <line>
      <![CDATA[Browser session started]]>
    </line>
  </reporter-output>
  <suite name="Suite" duration-ms="19461" started-at="2021-03-29T13:44:59 IST" finished-at="2021-03-29T13:45:19 IST">
    <groups>
    </groups>
    <test name="Test" duration-ms="19461" started-at="2021-03-29T13:44:59 IST" finished-at="2021-03-29T13:45:19 IST">
      <class name="Script.FacebookLogin">
        <test-method status="PASS" signature="OpenApplication()[pri:0, instance:Script.FacebookLogin@2353b3e6]" name="OpenApplication" is-config="true" duration-ms="11344" started-at="2021-03-29T13:44:59 IST" finished-at="2021-03-29T13:45:10 IST">
          <reporter-output>
            <line>
              <![CDATA[Browser session started]]>
            </line>
          </reporter-output>
        </test-method> <!-- OpenApplication -->
        <test-method status="PASS" signature="flip()[pri:0, instance:Script.FacebookLogin@2353b3e6]" name="flip" duration-ms="8050" started-at="2021-03-29T13:45:10 IST" finished-at="2021-03-29T13:45:18 IST">
          <reporter-output>
          </reporter-output>
        </test-method> <!-- flip -->
      </class> <!-- Script.FacebookLogin -->
    </test> <!-- Test -->
  </suite> <!-- Suite -->
</testng-results>
